# JRE version: Java(TM) SE Runtime Environment 18.9 (11.0.8+10) (build 11.0.8+10-LTS)
# Java VM: Java HotSpot(TM) 64-Bit Server VM 18.9 (11.0.8+10-LTS, mixed mode, tiered, compressed oops, g1 gc, bsd-amd64)
Heap:
 garbage-first heap   total 131072K, used 40476K [0x0000000780000000, 0x0000000800000000)
  region size 1024K, 7 young (7168K), 5 survivors (5120K)
 Metaspace       used 30012K, capacity 31394K, committed 31616K, reserved 1077248K
  class space    used 3837K, capacity 4409K, committed 4480K, reserved 1048576K
GC Heap History (10 events):
Event: 1.331 GC heap before
{Heap before GC invocations=0 (full 0):
 garbage-first heap   total 131072K, used 24576K [0x0000000780000000, 0x0000000800000000)
  region size 1024K, 24 young (24576K), 0 survivors (0K)
 Metaspace       used 13976K, capacity 14385K, committed 14592K, reserved 1062912K
  class space    used 1543K, capacity 1718K, committed 1792K, reserved 1048576K
}
Event: 1.347 GC heap after
{Heap after GC invocations=1 (full 0):
 garbage-first heap   total 131072K, used 3454K [0x0000000780000000, 0x0000000800000000)
  region size 1024K, 3 young (3072K), 3 survivors (3072K)
 Metaspace       used 13976K, capacity 14385K, committed 14592K, reserved 1062912K
  class space    used 1543K, capacity 1718K, committed 1792K, reserved 1048576K
}
Event: 2.258 GC heap before
{Heap before GC invocations=1 (full 0):
 garbage-first heap   total 131072K, used 29054K [0x0000000780000000, 0x0000000800000000)
  region size 1024K, 29 young (29696K), 3 survivors (3072K)
 Metaspace       used 20433K, capacity 21040K, committed 21248K, reserved 1067008K
  class space    used 2552K, capacity 2807K, committed 2816K, reserved 1048576K
}
Event: 2.273 GC heap after
{Heap after GC invocations=2 (full 0):
 garbage-first heap   total 131072K, used 7669K [0x0000000780000000, 0x0000000800000000)
  region size 1024K, 8 young (8192K), 8 survivors (8192K)
 Metaspace       used 20433K, capacity 21040K, committed 21248K, reserved 1067008K
  class space    used 2552K, capacity 2807K, committed 2816K, reserved 1048576K
}
Event: 16.515 GC heap before
{Heap before GC invocations=3 (full 0):
 garbage-first heap   total 131072K, used 90613K [0x0000000780000000, 0x0000000800000000)
  region size 1024K, 35 young (35840K), 8 survivors (8192K)
 Metaspace       used 25770K, capacity 26788K, committed 27008K, reserved 1073152K
  class space    used 3215K, capacity 3633K, committed 3712K, reserved 1048576K
}
Event: 16.557 GC heap after
{Heap after GC invocations=4 (full 0):
 garbage-first heap   total 131072K, used 35504K [0x0000000780000000, 0x0000000800000000)
  region size 1024K, 5 young (5120K), 5 survivors (5120K)
 Metaspace       used 25770K, capacity 26788K, committed 27008K, reserved 1073152K
  class space    used 3215K, capacity 3633K, committed 3712K, reserved 1048576K
}
Event: 75.450 GC heap before
{Heap before GC invocations=5 (full 0):
 garbage-first heap   total 131072K, used 108208K [0x0000000780000000, 0x0000000800000000)
  region size 1024K, 52 young (53248K), 5 survivors (5120K)
 Metaspace       used 29479K, capacity 30899K, committed 31104K, reserved 1075200K
  class space    used 3830K, capacity 4395K, committed 4480K, reserved 1048576K
}
Event: 75.474 GC heap after
{Heap after GC invocations=6 (full 0):
 garbage-first heap   total 131072K, used 38299K [0x0000000780000000, 0x0000000800000000)
  region size 1024K, 7 young (7168K), 7 survivors (7168K)
 Metaspace       used 29479K, capacity 30899K, committed 31104K, reserved 1075200K
  class space    used 3830K, capacity 4395K, committed 4480K, reserved 1048576K
}
Event: 147.216 GC heap before
{Heap before GC invocations=7 (full 0):
 garbage-first heap   total 131072K, used 98715K [0x0000000780000000, 0x0000000800000000)
  region size 1024K, 42 young (43008K), 7 survivors (7168K)
 Metaspace       used 29997K, capacity 31394K, committed 31616K, reserved 1077248K
  class space    used 3837K, capacity 4409K, committed 4480K, reserved 1048576K
}
Event: 147.241 GC heap after
{Heap after GC invocations=8 (full 0):
 garbage-first heap   total 131072K, used 36380K [0x0000000780000000, 0x0000000800000000)
  region size 1024K, 5 young (5120K), 5 survivors (5120K)
 Metaspace       used 29997K, capacity 31394K, committed 31616K, reserved 1077248K
  class space    used 3837K, capacity 4409K, committed 4480K, reserved 1048576K
}

